{"level":"info","message":"WebSocket service initialized","service":"previewer-backend","timestamp":"2025-08-04T07:54:21.101Z"}
{"level":"info","message":"Scheduled tasks configured","service":"previewer-backend","timestamp":"2025-08-04T07:54:21.107Z"}
{"level":"info","message":"Initializing Previewer server...","service":"previewer-backend","timestamp":"2025-08-04T07:54:21.109Z"}
{"level":"warn","message":"IPFS connection failed - file uploads may not work properly","service":"previewer-backend","timestamp":"2025-08-04T07:54:24.712Z"}
{"level":"info","message":"WebSocket service initialized","service":"previewer-backend","timestamp":"2025-08-04T07:55:13.192Z"}
{"level":"info","message":"Scheduled tasks configured","service":"previewer-backend","timestamp":"2025-08-04T07:55:13.199Z"}
{"level":"info","message":"Initializing Previewer server...","service":"previewer-backend","timestamp":"2025-08-04T07:55:13.199Z"}
{"level":"warn","message":"IPFS connection failed - file uploads may not work properly","service":"previewer-backend","timestamp":"2025-08-04T07:55:16.604Z"}
{"level":"info","message":"Server initialization completed successfully","service":"previewer-backend","timestamp":"2025-08-04T07:55:16.604Z"}
{"level":"info","message":"🚀 Previewer server running on port 3000","service":"previewer-backend","timestamp":"2025-08-04T07:55:16.606Z"}
{"level":"info","message":"📊 Health check: http://localhost:3000/health","service":"previewer-backend","timestamp":"2025-08-04T07:55:16.606Z"}
{"level":"info","message":"📡 WebSocket server ready for connections","service":"previewer-backend","timestamp":"2025-08-04T07:55:16.606Z"}
{"level":"info","message":"🔗 API endpoints: http://localhost:3000/v1/","service":"previewer-backend","timestamp":"2025-08-04T07:55:16.606Z"}
{"level":"info","message":"🛠️  Development mode - CORS enabled for localhost","service":"previewer-backend","timestamp":"2025-08-04T07:55:16.607Z"}
{"level":"info","message":{"duration":"6ms","ip":"::1","method":"GET","status":404,"url":"/","userAgent":"Mozilla/5.0 (Windows NT 10.0; Win64; x64) AppleWebKit/537.36 (KHTML, like Gecko) Chrome/138.0.0.0 Safari/537.36"},"service":"previewer-backend","timestamp":"2025-08-04T07:58:00.683Z"}
{"level":"info","message":{"duration":"1ms","ip":"::1","method":"GET","status":404,"url":"/","userAgent":"Mozilla/5.0 (Windows NT 10.0; Win64; x64) AppleWebKit/537.36 (KHTML, like Gecko) Chrome/138.0.0.0 Safari/537.36"},"service":"previewer-backend","timestamp":"2025-08-04T07:58:00.948Z"}
{"level":"info","message":{"duration":"1ms","ip":"::1","method":"GET","status":404,"url":"/","userAgent":"Mozilla/5.0 (Windows NT 10.0; Win64; x64) AppleWebKit/537.36 (KHTML, like Gecko) Chrome/138.0.0.0 Safari/537.36"},"service":"previewer-backend","timestamp":"2025-08-04T07:58:03.116Z"}
{"level":"info","message":"Running scheduled task processing...","service":"previewer-backend","timestamp":"2025-08-04T08:00:00.090Z"}
{"level":"info","message":"Updating system statistics...","service":"previewer-backend","timestamp":"2025-08-04T08:00:00.094Z"}
{"level":"info","message":"Checking external service health...","service":"previewer-backend","timestamp":"2025-08-04T08:00:00.098Z"}
{"level":"info","message":"Service health - DB: true, IPFS: false","service":"previewer-backend","timestamp":"2025-08-04T08:00:01.656Z"}
{"level":"warn","message":"Some external services are unhealthy","service":"previewer-backend","timestamp":"2025-08-04T08:00:01.656Z"}
{"clientVersion":"6.13.0","level":"error","message":"System stats update error: \nInvalid `prisma.worker.count()` invocation:\n\n{\n  select: {\n    _count: {\n      select: {\n        _all: true\n      }\n    }\n  },\n  where: {\n    updatedAt: {\n    ~~~~~~~~~\n      gte: new Date(\"2025-08-03T08:00:00.095Z\")\n    },\n?   AND?: WorkerWhereInput | WorkerWhereInput[],\n?   OR?: WorkerWhereInput[],\n?   NOT?: WorkerWhereInput | WorkerWhereInput[],\n?   id?: IntFilter | Int,\n?   address?: StringFilter | String,\n?   pending_amount?: IntFilter | Int,\n?   locked_amount?: IntFilter | Int,\n?   submissions?: SubmissionListRelationFilter\n  }\n}\n\nUnknown argument `updatedAt`. Available options are listed in green.","name":"PrismaClientValidationError","service":"previewer-backend","stack":"PrismaClientValidationError: \nInvalid `prisma.worker.count()` invocation:\n\n{\n  select: {\n    _count: {\n      select: {\n        _all: true\n      }\n    }\n  },\n  where: {\n    updatedAt: {\n    ~~~~~~~~~\n      gte: new Date(\"2025-08-03T08:00:00.095Z\")\n    },\n?   AND?: WorkerWhereInput | WorkerWhereInput[],\n?   OR?: WorkerWhereInput[],\n?   NOT?: WorkerWhereInput | WorkerWhereInput[],\n?   id?: IntFilter | Int,\n?   address?: StringFilter | String,\n?   pending_amount?: IntFilter | Int,\n?   locked_amount?: IntFilter | Int,\n?   submissions?: SubmissionListRelationFilter\n  }\n}\n\nUnknown argument `updatedAt`. Available options are listed in green.\n    at _n (c:\\Users\\Shaan Gupta\\OneDrive\\Desktop\\Video\\youtube-thumbnail\\backend\\node_modules\\@prisma\\client\\runtime\\library.js:29:1363)\n    at ri.handleRequestError (c:\\Users\\Shaan Gupta\\OneDrive\\Desktop\\Video\\youtube-thumbnail\\backend\\node_modules\\@prisma\\client\\runtime\\library.js:121:7102)\n    at ri.handleAndLogRequestError (c:\\Users\\Shaan Gupta\\OneDrive\\Desktop\\Video\\youtube-thumbnail\\backend\\node_modules\\@prisma\\client\\runtime\\library.js:121:6784)\n    at ri.request (c:\\Users\\Shaan Gupta\\OneDrive\\Desktop\\Video\\youtube-thumbnail\\backend\\node_modules\\@prisma\\client\\runtime\\library.js:121:6491)\n    at async l (c:\\Users\\Shaan Gupta\\OneDrive\\Desktop\\Video\\youtube-thumbnail\\backend\\node_modules\\@prisma\\client\\runtime\\library.js:130:9812)\n    at async Promise.all (index 1)\n    at async updateSystemStats (file:///c:/Users/Shaan%20Gupta/OneDrive/Desktop/Video/youtube-thumbnail/backend/src/db.js:302:9)\n    at async Task._execution (file:///c:/Users/Shaan%20Gupta/OneDrive/Desktop/Video/youtube-thumbnail/backend/src/index.js:208:23)","timestamp":"2025-08-04T08:00:01.870Z"}
{"level":"info","message":"Running scheduled task processing...","service":"previewer-backend","timestamp":"2025-08-04T08:05:00.383Z"}
{"level":"info","message":"Running scheduled task processing...","service":"previewer-backend","timestamp":"2025-08-04T08:10:00.598Z"}
{"level":"info","message":"Updating system statistics...","service":"previewer-backend","timestamp":"2025-08-04T08:10:00.599Z"}
{"clientVersion":"6.13.0","level":"error","message":"System stats update error: \nInvalid `prisma.worker.count()` invocation:\n\n{\n  select: {\n    _count: {\n      select: {\n        _all: true\n      }\n    }\n  },\n  where: {\n    updatedAt: {\n    ~~~~~~~~~\n      gte: new Date(\"2025-08-03T08:10:00.599Z\")\n    },\n?   AND?: WorkerWhereInput | WorkerWhereInput[],\n?   OR?: WorkerWhereInput[],\n?   NOT?: WorkerWhereInput | WorkerWhereInput[],\n?   id?: IntFilter | Int,\n?   address?: StringFilter | String,\n?   pending_amount?: IntFilter | Int,\n?   locked_amount?: IntFilter | Int,\n?   submissions?: SubmissionListRelationFilter\n  }\n}\n\nUnknown argument `updatedAt`. Available options are listed in green.","name":"PrismaClientValidationError","service":"previewer-backend","stack":"PrismaClientValidationError: \nInvalid `prisma.worker.count()` invocation:\n\n{\n  select: {\n    _count: {\n      select: {\n        _all: true\n      }\n    }\n  },\n  where: {\n    updatedAt: {\n    ~~~~~~~~~\n      gte: new Date(\"2025-08-03T08:10:00.599Z\")\n    },\n?   AND?: WorkerWhereInput | WorkerWhereInput[],\n?   OR?: WorkerWhereInput[],\n?   NOT?: WorkerWhereInput | WorkerWhereInput[],\n?   id?: IntFilter | Int,\n?   address?: StringFilter | String,\n?   pending_amount?: IntFilter | Int,\n?   locked_amount?: IntFilter | Int,\n?   submissions?: SubmissionListRelationFilter\n  }\n}\n\nUnknown argument `updatedAt`. Available options are listed in green.\n    at _n (c:\\Users\\Shaan Gupta\\OneDrive\\Desktop\\Video\\youtube-thumbnail\\backend\\node_modules\\@prisma\\client\\runtime\\library.js:29:1363)\n    at ri.handleRequestError (c:\\Users\\Shaan Gupta\\OneDrive\\Desktop\\Video\\youtube-thumbnail\\backend\\node_modules\\@prisma\\client\\runtime\\library.js:121:7102)\n    at ri.handleAndLogRequestError (c:\\Users\\Shaan Gupta\\OneDrive\\Desktop\\Video\\youtube-thumbnail\\backend\\node_modules\\@prisma\\client\\runtime\\library.js:121:6784)\n    at ri.request (c:\\Users\\Shaan Gupta\\OneDrive\\Desktop\\Video\\youtube-thumbnail\\backend\\node_modules\\@prisma\\client\\runtime\\library.js:121:6491)\n    at async l (c:\\Users\\Shaan Gupta\\OneDrive\\Desktop\\Video\\youtube-thumbnail\\backend\\node_modules\\@prisma\\client\\runtime\\library.js:130:9812)\n    at async Promise.all (index 1)\n    at async updateSystemStats (file:///c:/Users/Shaan%20Gupta/OneDrive/Desktop/Video/youtube-thumbnail/backend/src/db.js:302:9)\n    at async Task._execution (file:///c:/Users/Shaan%20Gupta/OneDrive/Desktop/Video/youtube-thumbnail/backend/src/index.js:208:23)","timestamp":"2025-08-04T08:10:02.255Z"}
{"level":"info","message":"Running scheduled task processing...","service":"previewer-backend","timestamp":"2025-08-04T08:15:00.769Z"}
{"level":"info","message":"Running scheduled task processing...","service":"previewer-backend","timestamp":"2025-08-04T08:20:00.513Z"}
{"level":"info","message":"Updating system statistics...","service":"previewer-backend","timestamp":"2025-08-04T08:20:00.521Z"}
{"clientVersion":"6.13.0","level":"error","message":"System stats update error: \nInvalid `prisma.worker.count()` invocation:\n\n{\n  select: {\n    _count: {\n      select: {\n        _all: true\n      }\n    }\n  },\n  where: {\n    updatedAt: {\n    ~~~~~~~~~\n      gte: new Date(\"2025-08-03T08:20:00.522Z\")\n    },\n?   AND?: WorkerWhereInput | WorkerWhereInput[],\n?   OR?: WorkerWhereInput[],\n?   NOT?: WorkerWhereInput | WorkerWhereInput[],\n?   id?: IntFilter | Int,\n?   address?: StringFilter | String,\n?   pending_amount?: IntFilter | Int,\n?   locked_amount?: IntFilter | Int,\n?   submissions?: SubmissionListRelationFilter\n  }\n}\n\nUnknown argument `updatedAt`. Available options are listed in green.","name":"PrismaClientValidationError","service":"previewer-backend","stack":"PrismaClientValidationError: \nInvalid `prisma.worker.count()` invocation:\n\n{\n  select: {\n    _count: {\n      select: {\n        _all: true\n      }\n    }\n  },\n  where: {\n    updatedAt: {\n    ~~~~~~~~~\n      gte: new Date(\"2025-08-03T08:20:00.522Z\")\n    },\n?   AND?: WorkerWhereInput | WorkerWhereInput[],\n?   OR?: WorkerWhereInput[],\n?   NOT?: WorkerWhereInput | WorkerWhereInput[],\n?   id?: IntFilter | Int,\n?   address?: StringFilter | String,\n?   pending_amount?: IntFilter | Int,\n?   locked_amount?: IntFilter | Int,\n?   submissions?: SubmissionListRelationFilter\n  }\n}\n\nUnknown argument `updatedAt`. Available options are listed in green.\n    at _n (c:\\Users\\Shaan Gupta\\OneDrive\\Desktop\\Video\\youtube-thumbnail\\backend\\node_modules\\@prisma\\client\\runtime\\library.js:29:1363)\n    at ri.handleRequestError (c:\\Users\\Shaan Gupta\\OneDrive\\Desktop\\Video\\youtube-thumbnail\\backend\\node_modules\\@prisma\\client\\runtime\\library.js:121:7102)\n    at ri.handleAndLogRequestError (c:\\Users\\Shaan Gupta\\OneDrive\\Desktop\\Video\\youtube-thumbnail\\backend\\node_modules\\@prisma\\client\\runtime\\library.js:121:6784)\n    at ri.request (c:\\Users\\Shaan Gupta\\OneDrive\\Desktop\\Video\\youtube-thumbnail\\backend\\node_modules\\@prisma\\client\\runtime\\library.js:121:6491)\n    at async l (c:\\Users\\Shaan Gupta\\OneDrive\\Desktop\\Video\\youtube-thumbnail\\backend\\node_modules\\@prisma\\client\\runtime\\library.js:130:9812)\n    at async Promise.all (index 1)\n    at async updateSystemStats (file:///c:/Users/Shaan%20Gupta/OneDrive/Desktop/Video/youtube-thumbnail/backend/src/db.js:302:9)\n    at async Task._execution (file:///c:/Users/Shaan%20Gupta/OneDrive/Desktop/Video/youtube-thumbnail/backend/src/index.js:208:23)","timestamp":"2025-08-04T08:20:02.295Z"}
{"level":"info","message":"Running scheduled task processing...","service":"previewer-backend","timestamp":"2025-08-04T08:25:00.174Z"}
{"level":"info","message":"Running scheduled task processing...","service":"previewer-backend","timestamp":"2025-08-04T08:30:00.365Z"}
{"level":"info","message":"Updating system statistics...","service":"previewer-backend","timestamp":"2025-08-04T08:30:00.366Z"}
{"level":"info","message":"Cleaning up expired sessions...","service":"previewer-backend","timestamp":"2025-08-04T08:30:00.371Z"}
{"level":"error","message":"Session cleanup error: Cannot read properties of undefined (reading 'deleteMany')","service":"previewer-backend","stack":"TypeError: Cannot read properties of undefined (reading 'deleteMany')\n    at cleanupExpiredSessions (file:///c:/Users/Shaan%20Gupta/OneDrive/Desktop/Video/youtube-thumbnail/backend/src/db.js:353:32)\n    at Task._execution (file:///c:/Users/Shaan%20Gupta/OneDrive/Desktop/Video/youtube-thumbnail/backend/src/index.js:219:31)\n    at Task.execute (c:\\Users\\Shaan Gupta\\OneDrive\\Desktop\\Video\\youtube-thumbnail\\backend\\node_modules\\node-cron\\src\\task.js:17:25)\n    at ScheduledTask.now (c:\\Users\\Shaan Gupta\\OneDrive\\Desktop\\Video\\youtube-thumbnail\\backend\\node_modules\\node-cron\\src\\scheduled-task.js:38:33)\n    at Scheduler.<anonymous> (c:\\Users\\Shaan Gupta\\OneDrive\\Desktop\\Video\\youtube-thumbnail\\backend\\node_modules\\node-cron\\src\\scheduled-task.js:25:18)\n    at Scheduler.emit (node:events:518:28)\n    at Timeout.matchTime [as _onTimeout] (c:\\Users\\Shaan Gupta\\OneDrive\\Desktop\\Video\\youtube-thumbnail\\backend\\node_modules\\node-cron\\src\\scheduler.js:30:26)\n    at listOnTimeout (node:internal/timers:588:17)\n    at process.processTimers (node:internal/timers:523:7)","timestamp":"2025-08-04T08:30:00.375Z"}
{"level":"info","message":"Checking external service health...","service":"previewer-backend","timestamp":"2025-08-04T08:30:00.375Z"}
{"clientVersion":"6.13.0","level":"error","message":"System stats update error: \nInvalid `prisma.worker.aggregate()` invocation:\n\n{\n  select: {\n    _sum: {\n      select: {\n        total_earned: true,\n        ~~~~~~~~~~~~\n?       id?: true,\n?       pending_amount?: true,\n?       locked_amount?: true\n      }\n    }\n  }\n}\n\nUnknown field `total_earned` for select statement on model `WorkerSumAggregateOutputType`. Available options are listed in green.","name":"PrismaClientValidationError","service":"previewer-backend","stack":"PrismaClientValidationError: \nInvalid `prisma.worker.aggregate()` invocation:\n\n{\n  select: {\n    _sum: {\n      select: {\n        total_earned: true,\n        ~~~~~~~~~~~~\n?       id?: true,\n?       pending_amount?: true,\n?       locked_amount?: true\n      }\n    }\n  }\n}\n\nUnknown field `total_earned` for select statement on model `WorkerSumAggregateOutputType`. Available options are listed in green.\n    at _n (c:\\Users\\Shaan Gupta\\OneDrive\\Desktop\\Video\\youtube-thumbnail\\backend\\node_modules\\@prisma\\client\\runtime\\library.js:29:1363)\n    at ri.handleRequestError (c:\\Users\\Shaan Gupta\\OneDrive\\Desktop\\Video\\youtube-thumbnail\\backend\\node_modules\\@prisma\\client\\runtime\\library.js:121:7102)\n    at ri.handleAndLogRequestError (c:\\Users\\Shaan Gupta\\OneDrive\\Desktop\\Video\\youtube-thumbnail\\backend\\node_modules\\@prisma\\client\\runtime\\library.js:121:6784)\n    at ri.request (c:\\Users\\Shaan Gupta\\OneDrive\\Desktop\\Video\\youtube-thumbnail\\backend\\node_modules\\@prisma\\client\\runtime\\library.js:121:6491)\n    at async l (c:\\Users\\Shaan Gupta\\OneDrive\\Desktop\\Video\\youtube-thumbnail\\backend\\node_modules\\@prisma\\client\\runtime\\library.js:130:9812)\n    at async Promise.all (index 3)\n    at async updateSystemStats (file:///c:/Users/Shaan%20Gupta/OneDrive/Desktop/Video/youtube-thumbnail/backend/src/db.js:302:9)\n    at async Task._execution (file:///c:/Users/Shaan%20Gupta/OneDrive/Desktop/Video/youtube-thumbnail/backend/src/index.js:208:23)","timestamp":"2025-08-04T08:30:02.105Z"}
{"level":"info","message":"Service health - DB: true, IPFS: false","service":"previewer-backend","timestamp":"2025-08-04T08:30:03.601Z"}
{"level":"warn","message":"Some external services are unhealthy","service":"previewer-backend","timestamp":"2025-08-04T08:30:03.601Z"}
{"level":"info","message":"WebSocket service initialized","service":"previewer-backend","timestamp":"2025-08-04T08:33:30.111Z"}
{"level":"info","message":"Scheduled tasks configured","service":"previewer-backend","timestamp":"2025-08-04T08:33:30.116Z"}
{"level":"info","message":"Initializing Previewer server...","service":"previewer-backend","timestamp":"2025-08-04T08:33:30.117Z"}
{"level":"warn","message":"IPFS connection failed - file uploads may not work properly","service":"previewer-backend","timestamp":"2025-08-04T08:33:33.412Z"}
{"level":"info","message":"Running scheduled task processing...","service":"previewer-backend","timestamp":"2025-08-04T08:35:00.669Z"}
{"level":"info","message":"WebSocket service initialized","service":"previewer-backend","timestamp":"2025-08-04T08:36:20.579Z"}
{"level":"info","message":"Scheduled tasks configured","service":"previewer-backend","timestamp":"2025-08-04T08:36:20.585Z"}
{"level":"info","message":"Initializing Previewer server...","service":"previewer-backend","timestamp":"2025-08-04T08:36:20.585Z"}
{"level":"warn","message":"IPFS connection failed - file uploads may not work properly","service":"previewer-backend","timestamp":"2025-08-04T08:36:23.955Z"}
{"level":"info","message":"WebSocket service initialized","service":"previewer-backend","timestamp":"2025-08-04T08:37:40.276Z"}
{"level":"info","message":"Scheduled tasks configured","service":"previewer-backend","timestamp":"2025-08-04T08:37:40.283Z"}
{"level":"info","message":"Initializing Previewer server...","service":"previewer-backend","timestamp":"2025-08-04T08:37:40.284Z"}
{"level":"warn","message":"IPFS connection failed - file uploads may not work properly","service":"previewer-backend","timestamp":"2025-08-04T08:37:42.839Z"}
{"level":"info","message":"Server initialization completed successfully","service":"previewer-backend","timestamp":"2025-08-04T08:37:42.840Z"}
{"level":"info","message":"🚀 Previewer server running on port 3000","service":"previewer-backend","timestamp":"2025-08-04T08:37:42.844Z"}
{"level":"info","message":"📊 Health check: http://localhost:3000/health","service":"previewer-backend","timestamp":"2025-08-04T08:37:42.844Z"}
{"level":"info","message":"📡 WebSocket server ready for connections","service":"previewer-backend","timestamp":"2025-08-04T08:37:42.845Z"}
{"level":"info","message":"🔗 API endpoints: http://localhost:3000/v1/","service":"previewer-backend","timestamp":"2025-08-04T08:37:42.845Z"}
{"level":"info","message":"🛠️  Development mode - CORS enabled for localhost","service":"previewer-backend","timestamp":"2025-08-04T08:37:42.845Z"}
{"level":"info","message":"WebSocket service initialized","service":"previewer-backend","timestamp":"2025-08-04T08:37:52.119Z"}
{"level":"info","message":"Scheduled tasks configured","service":"previewer-backend","timestamp":"2025-08-04T08:37:52.124Z"}
{"level":"info","message":"Initializing Previewer server...","service":"previewer-backend","timestamp":"2025-08-04T08:37:52.125Z"}
{"level":"warn","message":"IPFS connection failed - file uploads may not work properly","service":"previewer-backend","timestamp":"2025-08-04T08:37:54.734Z"}
{"level":"info","message":"WebSocket service initialized","service":"previewer-backend","timestamp":"2025-08-04T08:39:14.841Z"}
{"level":"info","message":"Scheduled tasks configured","service":"previewer-backend","timestamp":"2025-08-04T08:39:14.850Z"}
{"level":"info","message":"Initializing Previewer server...","service":"previewer-backend","timestamp":"2025-08-04T08:39:14.850Z"}
{"level":"warn","message":"IPFS connection failed - file uploads may not work properly","service":"previewer-backend","timestamp":"2025-08-04T08:39:17.361Z"}
{"level":"info","message":"WebSocket service initialized","service":"previewer-backend","timestamp":"2025-08-04T08:39:41.258Z"}
{"level":"info","message":"Scheduled tasks configured","service":"previewer-backend","timestamp":"2025-08-04T08:39:41.263Z"}
{"level":"info","message":"Initializing Previewer server...","service":"previewer-backend","timestamp":"2025-08-04T08:39:41.264Z"}
{"level":"warn","message":"IPFS connection failed - file uploads may not work properly","service":"previewer-backend","timestamp":"2025-08-04T08:39:43.696Z"}
{"level":"info","message":"Server initialization completed successfully","service":"previewer-backend","timestamp":"2025-08-04T08:39:43.696Z"}
{"level":"info","message":"🚀 Previewer server running on port 3000","service":"previewer-backend","timestamp":"2025-08-04T08:39:43.699Z"}
{"level":"info","message":"📊 Health check: http://localhost:3000/health","service":"previewer-backend","timestamp":"2025-08-04T08:39:43.700Z"}
{"level":"info","message":"📡 WebSocket server ready for connections","service":"previewer-backend","timestamp":"2025-08-04T08:39:43.700Z"}
{"level":"info","message":"🔗 API endpoints: http://localhost:3000/v1/","service":"previewer-backend","timestamp":"2025-08-04T08:39:43.700Z"}
{"level":"info","message":"🛠️  Development mode - CORS enabled for localhost","service":"previewer-backend","timestamp":"2025-08-04T08:39:43.701Z"}
{"level":"info","message":"SIGINT received, shutting down gracefully","service":"previewer-backend","timestamp":"2025-08-04T08:39:52.396Z"}
{"level":"info","message":"Shutting down server...","service":"previewer-backend","timestamp":"2025-08-04T08:39:52.397Z"}
{"level":"info","message":"WebSocket service initialized","service":"previewer-backend","timestamp":"2025-08-04T08:47:11.923Z"}
{"level":"info","message":"Scheduled tasks configured","service":"previewer-backend","timestamp":"2025-08-04T08:47:11.943Z"}
{"level":"info","message":"Initializing Previewer server...","service":"previewer-backend","timestamp":"2025-08-04T08:47:11.947Z"}
{"level":"warn","message":"IPFS connection failed - file uploads may not work properly","service":"previewer-backend","timestamp":"2025-08-04T08:47:15.990Z"}
{"level":"info","message":"Server initialization completed successfully","service":"previewer-backend","timestamp":"2025-08-04T08:47:15.990Z"}
{"level":"info","message":"🚀 Previewer server running on port 3000","service":"previewer-backend","timestamp":"2025-08-04T08:47:15.997Z"}
{"level":"info","message":"📊 Health check: http://localhost:3000/health","service":"previewer-backend","timestamp":"2025-08-04T08:47:15.997Z"}
{"level":"info","message":"📡 WebSocket server ready for connections","service":"previewer-backend","timestamp":"2025-08-04T08:47:15.998Z"}
{"level":"info","message":"🔗 API endpoints: http://localhost:3000/v1/","service":"previewer-backend","timestamp":"2025-08-04T08:47:15.998Z"}
{"level":"info","message":"🛠️  Development mode - CORS enabled for localhost","service":"previewer-backend","timestamp":"2025-08-04T08:47:15.998Z"}
{"level":"info","message":{"duration":"863ms","ip":"::1","method":"GET","status":200,"url":"/stats","userAgent":"Mozilla/5.0 (Windows NT 10.0; Win64; x64) AppleWebKit/537.36 (KHTML, like Gecko) Chrome/138.0.0.0 Safari/537.36"},"service":"previewer-backend","timestamp":"2025-08-04T08:49:47.204Z"}
{"level":"info","message":"Running scheduled task processing...","service":"previewer-backend","timestamp":"2025-08-04T08:50:00.687Z"}
{"level":"info","message":"Updating system statistics...","service":"previewer-backend","timestamp":"2025-08-04T08:50:00.733Z"}
{"level":"info","message":{"duration":"511ms","ip":"::1","method":"GET","status":200,"url":"/stats","userAgent":"Mozilla/5.0 (Windows NT 10.0; Win64; x64) AppleWebKit/537.36 (KHTML, like Gecko) Chrome/138.0.0.0 Safari/537.36"},"service":"previewer-backend","timestamp":"2025-08-04T08:50:16.261Z"}
{"level":"info","message":{"duration":"527ms","ip":"::1","method":"GET","status":304,"url":"/stats","userAgent":"Mozilla/5.0 (Windows NT 10.0; Win64; x64) AppleWebKit/537.36 (KHTML, like Gecko) Chrome/138.0.0.0 Safari/537.36"},"service":"previewer-backend","timestamp":"2025-08-04T08:51:01.937Z"}
{"level":"info","message":{"duration":"512ms","ip":"::1","method":"GET","status":304,"url":"/stats","userAgent":"Mozilla/5.0 (Windows NT 10.0; Win64; x64) AppleWebKit/537.36 (KHTML, like Gecko) Chrome/138.0.0.0 Safari/537.36"},"service":"previewer-backend","timestamp":"2025-08-04T08:51:32.493Z"}
{"level":"info","message":"WebSocket service initialized","service":"previewer-backend","timestamp":"2025-08-04T08:53:08.469Z"}
{"level":"info","message":"Scheduled tasks configured","service":"previewer-backend","timestamp":"2025-08-04T08:53:08.474Z"}
{"level":"info","message":"Initializing Previewer server...","service":"previewer-backend","timestamp":"2025-08-04T08:53:08.475Z"}
{"level":"warn","message":"IPFS connection failed - file uploads may not work properly","service":"previewer-backend","timestamp":"2025-08-04T08:53:11.320Z"}
{"level":"info","message":"WebSocket service initialized","service":"previewer-backend","timestamp":"2025-08-04T08:54:26.576Z"}
{"level":"info","message":"Scheduled tasks configured","service":"previewer-backend","timestamp":"2025-08-04T08:54:26.581Z"}
{"level":"info","message":"Initializing Previewer server...","service":"previewer-backend","timestamp":"2025-08-04T08:54:26.582Z"}
{"level":"warn","message":"IPFS connection failed - file uploads may not work properly","service":"previewer-backend","timestamp":"2025-08-04T08:54:29.228Z"}
{"level":"info","message":"Running scheduled task processing...","service":"previewer-backend","timestamp":"2025-08-04T08:55:00.119Z"}
{"code":"EPIPE","errno":-4047,"level":"error","message":"Uncaught Exception: EPIPE: broken pipe, write","service":"previewer-backend","stack":"Error: EPIPE: broken pipe, write\n    at Socket._write (node:internal/net:63:18)\n    at writeOrBuffer (node:internal/streams/writable:572:12)\n    at _write (node:internal/streams/writable:501:10)\n    at Writable.write (node:internal/streams/writable:510:10)\n    at console.value (node:internal/console/constructor:298:16)\n    at console.log (node:internal/console/constructor:384:26)\n    at ConsensusService.processReadyTasks (file:///c:/Users/Shaan%20Gupta/OneDrive/Desktop/Video/youtube-thumbnail/backend/src/services/consensus.js:323:15)\n    at async Task._execution (file:///c:/Users/Shaan%20Gupta/OneDrive/Desktop/Video/youtube-thumbnail/backend/src/index.js:189:32)","syscall":"write","timestamp":"2025-08-04T08:55:00.649Z"}
{"level":"info","message":"WebSocket service initialized","service":"previewer-backend","timestamp":"2025-08-04T08:58:41.128Z"}
{"level":"info","message":"Scheduled tasks configured","service":"previewer-backend","timestamp":"2025-08-04T08:58:41.135Z"}
{"level":"info","message":"Initializing Previewer server...","service":"previewer-backend","timestamp":"2025-08-04T08:58:41.136Z"}
{"level":"warn","message":"IPFS connection failed - file uploads may not work properly","service":"previewer-backend","timestamp":"2025-08-04T08:58:43.937Z"}
{"level":"info","message":"Server initialization completed successfully","service":"previewer-backend","timestamp":"2025-08-04T08:58:43.937Z"}
{"level":"info","message":"🚀 Previewer server running on port 3000","service":"previewer-backend","timestamp":"2025-08-04T08:58:43.939Z"}
{"level":"info","message":"📊 Health check: http://localhost:3000/health","service":"previewer-backend","timestamp":"2025-08-04T08:58:43.939Z"}
{"level":"info","message":"📡 WebSocket server ready for connections","service":"previewer-backend","timestamp":"2025-08-04T08:58:43.940Z"}
{"level":"info","message":"🔗 API endpoints: http://localhost:3000/v1/","service":"previewer-backend","timestamp":"2025-08-04T08:58:43.941Z"}
{"level":"info","message":"🛠️  Development mode - CORS enabled for localhost","service":"previewer-backend","timestamp":"2025-08-04T08:58:43.941Z"}
{"level":"info","message":{"duration":"247ms","ip":"::1","method":"GET","status":304,"url":"/stats","userAgent":"Mozilla/5.0 (Windows NT 10.0; Win64; x64) AppleWebKit/537.36 (KHTML, like Gecko) Chrome/138.0.0.0 Safari/537.36"},"service":"previewer-backend","timestamp":"2025-08-04T08:58:53.873Z"}
{"level":"info","message":{"duration":"246ms","ip":"::1","method":"GET","status":304,"url":"/stats","userAgent":"Mozilla/5.0 (Windows NT 10.0; Win64; x64) AppleWebKit/537.36 (KHTML, like Gecko) Chrome/138.0.0.0 Safari/537.36"},"service":"previewer-backend","timestamp":"2025-08-04T08:58:57.777Z"}
{"level":"info","message":{"duration":"489ms","ip":"::1","method":"GET","status":200,"url":"/stats","userAgent":"Mozilla/5.0 (Windows NT 10.0; Win64; x64) AppleWebKit/537.36 (KHTML, like Gecko) Chrome/138.0.0.0 Safari/537.36"},"service":"previewer-backend","timestamp":"2025-08-04T08:59:28.281Z"}
{"level":"info","message":"Running scheduled task processing...","service":"previewer-backend","timestamp":"2025-08-04T09:00:00.758Z"}
{"level":"info","message":"Updating system statistics...","service":"previewer-backend","timestamp":"2025-08-04T09:00:00.771Z"}
{"level":"info","message":"Checking external service health...","service":"previewer-backend","timestamp":"2025-08-04T09:00:00.777Z"}
{"level":"info","message":"Service health - DB: true, IPFS: false","service":"previewer-backend","timestamp":"2025-08-04T09:00:01.264Z"}
{"level":"warn","message":"Some external services are unhealthy","service":"previewer-backend","timestamp":"2025-08-04T09:00:01.265Z"}
{"level":"info","message":{"duration":"735ms","ip":"::1","method":"GET","status":200,"url":"/stats","userAgent":"Mozilla/5.0 (Windows NT 10.0; Win64; x64) AppleWebKit/537.36 (KHTML, like Gecko) Chrome/138.0.0.0 Safari/537.36"},"service":"previewer-backend","timestamp":"2025-08-04T09:00:54.826Z"}
{"level":"info","message":{"duration":"494ms","ip":"::1","method":"GET","status":304,"url":"/stats","userAgent":"Mozilla/5.0 (Windows NT 10.0; Win64; x64) AppleWebKit/537.36 (KHTML, like Gecko) Chrome/138.0.0.0 Safari/537.36"},"service":"previewer-backend","timestamp":"2025-08-04T09:02:49.862Z"}
{"level":"info","message":{"duration":"257ms","ip":"::1","method":"GET","status":304,"url":"/stats","userAgent":"Mozilla/5.0 (Windows NT 10.0; Win64; x64) AppleWebKit/537.36 (KHTML, like Gecko) Chrome/138.0.0.0 Safari/537.36"},"service":"previewer-backend","timestamp":"2025-08-04T09:02:58.013Z"}
{"level":"info","message":{"duration":"252ms","ip":"::1","method":"GET","status":304,"url":"/stats","userAgent":"Mozilla/5.0 (Windows NT 10.0; Win64; x64) AppleWebKit/537.36 (KHTML, like Gecko) Chrome/138.0.0.0 Safari/537.36"},"service":"previewer-backend","timestamp":"2025-08-04T09:03:01.786Z"}
{"level":"info","message":{"duration":"503ms","ip":"::1","method":"GET","status":304,"url":"/stats","userAgent":"Mozilla/5.0 (Windows NT 10.0; Win64; x64) AppleWebKit/537.36 (KHTML, like Gecko) Chrome/138.0.0.0 Safari/537.36"},"service":"previewer-backend","timestamp":"2025-08-04T09:03:05.682Z"}
{"level":"info","message":"Running scheduled task processing...","service":"previewer-backend","timestamp":"2025-08-04T09:05:00.442Z"}
{"level":"info","message":{"duration":"2226ms","ip":"::1","method":"GET","status":304,"url":"/stats","userAgent":"Mozilla/5.0 (Windows NT 10.0; Win64; x64) AppleWebKit/537.36 (KHTML, like Gecko) Chrome/138.0.0.0 Safari/537.36"},"service":"previewer-backend","timestamp":"2025-08-04T09:06:43.710Z"}
